<?xml version="1.0" encoding="UTF-8"?>
<!-- Generated by org.testng.reporters.JUnitReportReporter -->
<testsuite hostname="LAPTOP-UG2P139V" failures="0" tests="2" name="newpackage.TestCase_2" time="133.089" errors="0" timestamp="2022-05-15T15:46:16 IST" skipped="0">
  <testcase classname="newpackage.TestCase_2" name="tc001" time="95.519"/>
  <system-out>
    <![CDATA[The browser is open
the username entered
Assert passed profile page
Assert passed Author verification]]>
  </system-out>
  <testcase classname="newpackage.TestCase_2" name="tc002" time="37.570"/>
  <system-out>
    <![CDATA[The browser is open]]>
  </system-out>
</testsuite> <!-- newpackage.TestCase_2 -->
